#
# A fatal error has been detected by the Java Runtime Environment:
#
#  EXCEPTION_ACCESS_VIOLATION (0xc0000005) at pc=0x000000006e9e1057, pid=29404, tid=27532
#
# JRE version: Java(TM) SE Runtime Environment (11.0.5+10) (build 11.0.5+10-LTS)
# Java VM: Java HotSpot(TM) 64-Bit Server VM (11.0.5+10-LTS, mixed mode, tiered, compressed oops, g1 gc, windows-amd64)
# Problematic frame:
# C  [gdx-box2d64.dll+0x21057]
#
# No core dump will be written. Minidumps are not enabled by default on client versions of Windows
#
# If you would like to submit a bug report, please visit:
#   http://bugreport.java.com/bugreport/crash.jsp
# The crash happened outside the Java Virtual Machine in native code.
# See problematic frame for where to report the bug.
#

---------------  S U M M A R Y ------------

Command Line: -Dfile.encoding=windows-1252 -Duser.country=US -Duser.language=en -Duser.variant com.kelton.maze2.DesktopLauncher

Host: Intel(R) Core(TM) i5-8250U CPU @ 1.60GHz, 8 cores, 7G,  Windows 10 , 64 bit Build 18362 (10.0.18362.329)
Time: Fri Jan  3 17:03:48 2020 Central Standard Time elapsed time: 6 seconds (0d 0h 0m 6s)

---------------  T H R E A D  ---------------

Current thread (0x000001f913228000):  JavaThread "LWJGL Application" [_thread_in_native, id=27532, stack(0x0000009e1f600000,0x0000009e1f700000)]

Stack: [0x0000009e1f600000,0x0000009e1f700000],  sp=0x0000009e1f6fe960,  free space=1018k
Native frames: (J=compiled Java code, j=interpreted, Vv=VM code, C=native code)
C  [gdx-box2d64.dll+0x21057]

Java frames: (J=compiled Java code, j=interpreted, Vv=VM code)
j  com.badlogic.gdx.physics.box2d.World.jniDispose(J)V+0
J 1546 c1 com.kelton.maze2.Screens.PlayScreen.update(F)V (233 bytes) @ 0x000001f9008ff45c [0x000001f9008fda20+0x0000000000001a3c]
J 1547 c1 com.kelton.maze2.Screens.PlayScreen.render(F)V (208 bytes) @ 0x000001f900901b54 [0x000001f900901ac0+0x0000000000000094]
j  com.badlogic.gdx.Game.render()V+19
j  com.kelton.maze2.Maze2.render()V+1
j  com.badlogic.gdx.backends.lwjgl.LwjglApplication.mainLoop()V+770
j  com.badlogic.gdx.backends.lwjgl.LwjglApplication$1.run()V+27
v  ~StubRoutines::call_stub

siginfo: EXCEPTION_ACCESS_VIOLATION (0xc0000005), reading address 0x000001f97fb27d20


Register to memory mapping:

RIP=0x000000006e9e1057 gdx-box2d64.dll
RAX=0x000000006e9e7720 gdx-box2d64.dll
RBX=0x000001f97fb0ea00 points into unknown readable memory: 10 e0 e7 1e f9 01 00 00
RCX=0x000001f97fb0ea00 points into unknown readable memory: 10 e0 e7 1e f9 01 00 00
RDX=0x0000009e1f6fea88 is pointing into the stack for thread: 0x000001f913228000
RSP=0x0000009e1f6fe960 is pointing into the stack for thread: 0x000001f913228000
RBP=0x0000009e1f6fea58 is pointing into the stack for thread: 0x000001f913228000
RSI=0x00000000899d8c78 is an oop: com.badlogic.gdx.physics.box2d.World 
{0x00000000899d8c78} - klass: 'com/badlogic/gdx/physics/box2d/World'
RDI=0x00000000899d8c78 is an oop: com.badlogic.gdx.physics.box2d.World 
{0x00000000899d8c78} - klass: 'com/badlogic/gdx/physics/box2d/World'
R8 =0x000001f97fb0ea00 points into unknown readable memory: 10 e0 e7 1e f9 01 00 00
R9 =0x00000000000000dd is an unknown value
R10=0x000001f90000f008 is at code_begin+1000 in an Interpreter codelet
method entry point (kind = native)  [0x000001f90000ec20, 0x000001f90000f780]  2912 bytes
R11=0x0000000000000102 is an unknown value
R12=0x0 is NULL
R13={method} {0x000001f91ecb5390} 'jniDispose' '(J)V' in 'com/badlogic/gdx/physics/box2d/World'
R14=0x0000009e1f6fea88 is pointing into the stack for thread: 0x000001f913228000
R15=0x000001f913228000 is a thread


Registers:
RAX=0x000000006e9e7720, RBX=0x000001f97fb0ea00, RCX=0x000001f97fb0ea00, RDX=0x0000009e1f6fea88
RSP=0x0000009e1f6fe960, RBP=0x0000009e1f6fea58, RSI=0x00000000899d8c78, RDI=0x00000000899d8c78
R8 =0x000001f97fb0ea00, R9 =0x00000000000000dd, R10=0x000001f90000f008, R11=0x0000000000000102
R12=0x0000000000000000, R13=0x000001f91ecb5388, R14=0x0000009e1f6fea88, R15=0x000001f913228000
RIP=0x000000006e9e1057, EFLAGS=0x0000000000010206

Top of Stack: (sp=0x0000009e1f6fe960)
0x0000009e1f6fe960:   0000009e1f6fe960 000001f97f466590
0x0000009e1f6fe970:   0000009e1f6fe9b0 0000000000000009
0x0000009e1f6fe980:   000001f97fb0ea00 00000000899d8c78
0x0000009e1f6fe990:   00000000899d8c78 000000006e9e7735
0x0000009e1f6fe9a0:   000001f9000099e0 000001f943f00000
0x0000009e1f6fe9b0:   0000009e1f6fe9b0 000001f91ed0b1f0
0x0000009e1f6fe9c0:   000001f91ecb5388 000001f90000f037
0x0000009e1f6fe9d0:   0000009e1f6fea18 000001f91eabbeb0
0x0000009e1f6fe9e0:   0000000000000000 0000000088c265d8
0x0000009e1f6fe9f0:   000001f913228000 0000009e1f6fea88
0x0000009e1f6fea00:   000001f9008ff3ec 0000000000000000
0x0000009e1f6fea10:   0000009e1f6fea10 0000000000000000
0x0000009e1f6fea20:   0000009e1f6fea88 000001f91ecc45c0
0x0000009e1f6fea30:   0000000000000000 0000000088d0e030
0x0000009e1f6fea40:   000001f91ecb5388 0000000000000000
0x0000009e1f6fea50:   0000009e1f6fea90 0000009e1f6feda8 

Instructions: (pc=0x000000006e9e1057)
0x000000006e9e1037:   e8 74 50 01 00 48 89 c7 48 89 f1 e8 39 b4 fe ff
0x000000006e9e1047:   48 89 fe eb e0 0f 1f 40 00 57 56 53 48 83 ec 20
0x000000006e9e1057:   48 8b 81 20 93 01 00 48 89 ce 48 85 c0 74 3d 66
0x000000006e9e1067:   2e 0f 1f 84 00 00 00 00 00 48 8b 48 70 48 8b 78 


Stack slot to memory mapping:
stack at sp + 0 slots: 0x0000009e1f6fe960 is pointing into the stack for thread: 0x000001f913228000
stack at sp + 1 slots: 0x000001f97f466590 is pointing into metadata
stack at sp + 2 slots: 0x0000009e1f6fe9b0 is pointing into the stack for thread: 0x000001f913228000
stack at sp + 3 slots: 0x0000000000000009 is an unknown value
stack at sp + 4 slots: 0x000001f97fb0ea00 points into unknown readable memory: 10 e0 e7 1e f9 01 00 00
stack at sp + 5 slots: 0x00000000899d8c78 is an oop: com.badlogic.gdx.physics.box2d.World 
{0x00000000899d8c78} - klass: 'com/badlogic/gdx/physics/box2d/World'
stack at sp + 6 slots: 0x00000000899d8c78 is an oop: com.badlogic.gdx.physics.box2d.World 
{0x00000000899d8c78} - klass: 'com/badlogic/gdx/physics/box2d/World'
stack at sp + 7 slots: 0x000000006e9e7735 gdx-box2d64.dll


---------------  P R O C E S S  ---------------

Threads class SMR info:
_java_thread_list=0x000001f91d0f2630, length=13, elements={
0x000001f97ed29000, 0x000001f97ed2a000, 0x000001f97ed43000, 0x000001f97ed44000,
0x000001f97ed46800, 0x000001f97ed4b000, 0x000001f97f694000, 0x000001f97f800000,
0x000001f97f813800, 0x000001f913228000, 0x000001f9730ec000, 0x000001f91ce48000,
0x000001f912f85000
}

Java Threads: ( => current thread )
  0x000001f97ed29000 JavaThread "Reference Handler" daemon [_thread_blocked, id=28456, stack(0x0000009e1ea00000,0x0000009e1eb00000)]
  0x000001f97ed2a000 JavaThread "Finalizer" daemon [_thread_blocked, id=13596, stack(0x0000009e1eb00000,0x0000009e1ec00000)]
  0x000001f97ed43000 JavaThread "Signal Dispatcher" daemon [_thread_blocked, id=31000, stack(0x0000009e1ec00000,0x0000009e1ed00000)]
  0x000001f97ed44000 JavaThread "Attach Listener" daemon [_thread_blocked, id=32436, stack(0x0000009e1ed00000,0x0000009e1ee00000)]
  0x000001f97ed46800 JavaThread "C2 CompilerThread0" daemon [_thread_blocked, id=21472, stack(0x0000009e1ee00000,0x0000009e1ef00000)]
  0x000001f97ed4b000 JavaThread "C1 CompilerThread0" daemon [_thread_blocked, id=29392, stack(0x0000009e1ef00000,0x0000009e1f000000)]
  0x000001f97f694000 JavaThread "Sweeper thread" daemon [_thread_blocked, id=24656, stack(0x0000009e1f000000,0x0000009e1f100000)]
  0x000001f97f800000 JavaThread "Service Thread" daemon [_thread_blocked, id=18200, stack(0x0000009e1f100000,0x0000009e1f200000)]
  0x000001f97f813800 JavaThread "Common-Cleaner" daemon [_thread_blocked, id=13456, stack(0x0000009e1f300000,0x0000009e1f400000)]
=>0x000001f913228000 JavaThread "LWJGL Application" [_thread_in_native, id=27532, stack(0x0000009e1f600000,0x0000009e1f700000)]
  0x000001f9730ec000 JavaThread "DestroyJavaVM" [_thread_blocked, id=30616, stack(0x0000009e1e300000,0x0000009e1e400000)]
  0x000001f91ce48000 JavaThread "AssetManager" daemon [_thread_blocked, id=34892, stack(0x0000009e1fa00000,0x0000009e1fb00000)]
  0x000001f912f85000 JavaThread "LWJGL Timer" daemon [_thread_blocked, id=13020, stack(0x0000009e1ff00000,0x0000009e20000000)]

Other Threads:
  0x000001f97ed26000 VMThread "VM Thread" [stack: 0x0000009e1e900000,0x0000009e1ea00000] [id=23520]
  0x000001f97f80f800 WatcherThread [stack: 0x0000009e1f200000,0x0000009e1f300000] [id=1224]
  0x000001f973102000 GCTaskThread "GC Thread#0" [stack: 0x0000009e1e400000,0x0000009e1e500000] [id=29384]
  0x000001f91d018000 GCTaskThread "GC Thread#1" [stack: 0x0000009e1fc00000,0x0000009e1fd00000] [id=32656]
  0x000001f91cfea000 GCTaskThread "GC Thread#2" [stack: 0x0000009e1fd00000,0x0000009e1fe00000] [id=22940]
  0x000001f91d0b4000 GCTaskThread "GC Thread#3" [stack: 0x0000009e1fe00000,0x0000009e1ff00000] [id=23708]
  0x000001f973130800 ConcurrentGCThread "G1 Main Marker" [stack: 0x0000009e1e500000,0x0000009e1e600000] [id=22300]
  0x000001f973133000 ConcurrentGCThread "G1 Conc#0" [stack: 0x0000009e1e600000,0x0000009e1e700000] [id=2164]
  0x000001f97eb60800 ConcurrentGCThread "G1 Refine#0" [stack: 0x0000009e1e700000,0x0000009e1e800000] [id=17556]
  0x000001f9731b9000 ConcurrentGCThread "G1 Young RemSet Sampling" [stack: 0x0000009e1e800000,0x0000009e1e900000] [id=13108]

Threads with active compile tasks:

VM state:not at safepoint (normal execution)

VM Mutex/Monitor currently owned by a thread: None

Heap address: 0x0000000082800000, size: 2008 MB, Compressed Oops mode: 32-bit
Narrow klass base: 0x0000000000000000, Narrow klass shift: 3
Compressed class space size: 1073741824 Address: 0x0000000100000000

Heap:
 garbage-first heap   total 129024K, used 22272K [0x0000000082800000, 0x0000000100000000)
  region size 1024K, 22 young (22528K), 3 survivors (3072K)
 Metaspace       used 13745K, capacity 13927K, committed 14080K, reserved 1062912K
  class space    used 1148K, capacity 1196K, committed 1280K, reserved 1048576K
Heap Regions: E=young(eden), S=young(survivor), O=old, HS=humongous(starts), HC=humongous(continues), CS=collection set, F=free, A=archive, TAMS=top-at-mark-start (previous, next)
|   0|0x0000000082800000, 0x00000000828c0200, 0x0000000082900000| 75%| O|  |TAMS 0x0000000082800000, 0x0000000082800000| Untracked 
|   1|0x0000000082900000, 0x0000000082900000, 0x0000000082a00000|  0%| F|  |TAMS 0x0000000082900000, 0x0000000082900000| Untracked 
|   2|0x0000000082a00000, 0x0000000082a00000, 0x0000000082b00000|  0%| F|  |TAMS 0x0000000082a00000, 0x0000000082a00000| Untracked 
|   3|0x0000000082b00000, 0x0000000082b00000, 0x0000000082c00000|  0%| F|  |TAMS 0x0000000082b00000, 0x0000000082b00000| Untracked 
|   4|0x0000000082c00000, 0x0000000082c00000, 0x0000000082d00000|  0%| F|  |TAMS 0x0000000082c00000, 0x0000000082c00000| Untracked 
|   5|0x0000000082d00000, 0x0000000082d00000, 0x0000000082e00000|  0%| F|  |TAMS 0x0000000082d00000, 0x0000000082d00000| Untracked 
|   6|0x0000000082e00000, 0x0000000082e00000, 0x0000000082f00000|  0%| F|  |TAMS 0x0000000082e00000, 0x0000000082e00000| Untracked 
|   7|0x0000000082f00000, 0x0000000082f00000, 0x0000000083000000|  0%| F|  |TAMS 0x0000000082f00000, 0x0000000082f00000| Untracked 
|   8|0x0000000083000000, 0x0000000083000000, 0x0000000083100000|  0%| F|  |TAMS 0x0000000083000000, 0x0000000083000000| Untracked 
|   9|0x0000000083100000, 0x0000000083100000, 0x0000000083200000|  0%| F|  |TAMS 0x0000000083100000, 0x0000000083100000| Untracked 
|  10|0x0000000083200000, 0x0000000083200000, 0x0000000083300000|  0%| F|  |TAMS 0x0000000083200000, 0x0000000083200000| Untracked 
|  11|0x0000000083300000, 0x0000000083300000, 0x0000000083400000|  0%| F|  |TAMS 0x0000000083300000, 0x0000000083300000| Untracked 
|  12|0x0000000083400000, 0x0000000083400000, 0x0000000083500000|  0%| F|  |TAMS 0x0000000083400000, 0x0000000083400000| Untracked 
|  13|0x0000000083500000, 0x0000000083500000, 0x0000000083600000|  0%| F|  |TAMS 0x0000000083500000, 0x0000000083500000| Untracked 
|  14|0x0000000083600000, 0x0000000083600000, 0x0000000083700000|  0%| F|  |TAMS 0x0000000083600000, 0x0000000083600000| Untracked 
|  15|0x0000000083700000, 0x0000000083700000, 0x0000000083800000|  0%| F|  |TAMS 0x0000000083700000, 0x0000000083700000| Untracked 
|  16|0x0000000083800000, 0x0000000083800000, 0x0000000083900000|  0%| F|  |TAMS 0x0000000083800000, 0x0000000083800000| Untracked 
|  17|0x0000000083900000, 0x0000000083900000, 0x0000000083a00000|  0%| F|  |TAMS 0x0000000083900000, 0x0000000083900000| Untracked 
|  18|0x0000000083a00000, 0x0000000083a00000, 0x0000000083b00000|  0%| F|  |TAMS 0x0000000083a00000, 0x0000000083a00000| Untracked 
|  19|0x0000000083b00000, 0x0000000083b00000, 0x0000000083c00000|  0%| F|  |TAMS 0x0000000083b00000, 0x0000000083b00000| Untracked 
|  20|0x0000000083c00000, 0x0000000083c00000, 0x0000000083d00000|  0%| F|  |TAMS 0x0000000083c00000, 0x0000000083c00000| Untracked 
|  21|0x0000000083d00000, 0x0000000083d00000, 0x0000000083e00000|  0%| F|  |TAMS 0x0000000083d00000, 0x0000000083d00000| Untracked 
|  22|0x0000000083e00000, 0x0000000083e00000, 0x0000000083f00000|  0%| F|  |TAMS 0x0000000083e00000, 0x0000000083e00000| Untracked 
|  23|0x0000000083f00000, 0x0000000083f00000, 0x0000000084000000|  0%| F|  |TAMS 0x0000000083f00000, 0x0000000083f00000| Untracked 
|  24|0x0000000084000000, 0x0000000084000000, 0x0000000084100000|  0%| F|  |TAMS 0x0000000084000000, 0x0000000084000000| Untracked 
|  25|0x0000000084100000, 0x0000000084100000, 0x0000000084200000|  0%| F|  |TAMS 0x0000000084100000, 0x0000000084100000| Untracked 
|  26|0x0000000084200000, 0x0000000084200000, 0x0000000084300000|  0%| F|  |TAMS 0x0000000084200000, 0x0000000084200000| Untracked 
|  27|0x0000000084300000, 0x0000000084300000, 0x0000000084400000|  0%| F|  |TAMS 0x0000000084300000, 0x0000000084300000| Untracked 
|  28|0x0000000084400000, 0x0000000084400000, 0x0000000084500000|  0%| F|  |TAMS 0x0000000084400000, 0x0000000084400000| Untracked 
|  29|0x0000000084500000, 0x0000000084500000, 0x0000000084600000|  0%| F|  |TAMS 0x0000000084500000, 0x0000000084500000| Untracked 
|  30|0x0000000084600000, 0x0000000084600000, 0x0000000084700000|  0%| F|  |TAMS 0x0000000084600000, 0x0000000084600000| Untracked 
|  31|0x0000000084700000, 0x0000000084700000, 0x0000000084800000|  0%| F|  |TAMS 0x0000000084700000, 0x0000000084700000| Untracked 
|  32|0x0000000084800000, 0x0000000084800000, 0x0000000084900000|  0%| F|  |TAMS 0x0000000084800000, 0x0000000084800000| Untracked 
|  33|0x0000000084900000, 0x0000000084900000, 0x0000000084a00000|  0%| F|  |TAMS 0x0000000084900000, 0x0000000084900000| Untracked 
|  34|0x0000000084a00000, 0x0000000084a00000, 0x0000000084b00000|  0%| F|  |TAMS 0x0000000084a00000, 0x0000000084a00000| Untracked 
|  35|0x0000000084b00000, 0x0000000084b00000, 0x0000000084c00000|  0%| F|  |TAMS 0x0000000084b00000, 0x0000000084b00000| Untracked 
|  36|0x0000000084c00000, 0x0000000084c00000, 0x0000000084d00000|  0%| F|  |TAMS 0x0000000084c00000, 0x0000000084c00000| Untracked 
|  37|0x0000000084d00000, 0x0000000084d00000, 0x0000000084e00000|  0%| F|  |TAMS 0x0000000084d00000, 0x0000000084d00000| Untracked 
|  38|0x0000000084e00000, 0x0000000084e00000, 0x0000000084f00000|  0%| F|  |TAMS 0x0000000084e00000, 0x0000000084e00000| Untracked 
|  39|0x0000000084f00000, 0x0000000084f00000, 0x0000000085000000|  0%| F|  |TAMS 0x0000000084f00000, 0x0000000084f00000| Untracked 
|  40|0x0000000085000000, 0x0000000085000000, 0x0000000085100000|  0%| F|  |TAMS 0x0000000085000000, 0x0000000085000000| Untracked 
|  41|0x0000000085100000, 0x0000000085100000, 0x0000000085200000|  0%| F|  |TAMS 0x0000000085100000, 0x0000000085100000| Untracked 
|  42|0x0000000085200000, 0x0000000085200000, 0x0000000085300000|  0%| F|  |TAMS 0x0000000085200000, 0x0000000085200000| Untracked 
|  43|0x0000000085300000, 0x0000000085300000, 0x0000000085400000|  0%| F|  |TAMS 0x0000000085300000, 0x0000000085300000| Untracked 
|  44|0x0000000085400000, 0x0000000085400000, 0x0000000085500000|  0%| F|  |TAMS 0x0000000085400000, 0x0000000085400000| Untracked 
|  45|0x0000000085500000, 0x0000000085500000, 0x0000000085600000|  0%| F|  |TAMS 0x0000000085500000, 0x0000000085500000| Untracked 
|  46|0x0000000085600000, 0x0000000085600000, 0x0000000085700000|  0%| F|  |TAMS 0x0000000085600000, 0x0000000085600000| Untracked 
|  47|0x0000000085700000, 0x0000000085700000, 0x0000000085800000|  0%| F|  |TAMS 0x0000000085700000, 0x0000000085700000| Untracked 
|  48|0x0000000085800000, 0x0000000085800000, 0x0000000085900000|  0%| F|  |TAMS 0x0000000085800000, 0x0000000085800000| Untracked 
|  49|0x0000000085900000, 0x0000000085900000, 0x0000000085a00000|  0%| F|  |TAMS 0x0000000085900000, 0x0000000085900000| Untracked 
|  50|0x0000000085a00000, 0x0000000085a00000, 0x0000000085b00000|  0%| F|  |TAMS 0x0000000085a00000, 0x0000000085a00000| Untracked 
|  51|0x0000000085b00000, 0x0000000085b00000, 0x0000000085c00000|  0%| F|  |TAMS 0x0000000085b00000, 0x0000000085b00000| Untracked 
|  52|0x0000000085c00000, 0x0000000085c00000, 0x0000000085d00000|  0%| F|  |TAMS 0x0000000085c00000, 0x0000000085c00000| Untracked 
|  53|0x0000000085d00000, 0x0000000085d00000, 0x0000000085e00000|  0%| F|  |TAMS 0x0000000085d00000, 0x0000000085d00000| Untracked 
|  54|0x0000000085e00000, 0x0000000085e00000, 0x0000000085f00000|  0%| F|  |TAMS 0x0000000085e00000, 0x0000000085e00000| Untracked 
|  55|0x0000000085f00000, 0x0000000085f00000, 0x0000000086000000|  0%| F|  |TAMS 0x0000000085f00000, 0x0000000085f00000| Untracked 
|  56|0x0000000086000000, 0x0000000086000000, 0x0000000086100000|  0%| F|  |TAMS 0x0000000086000000, 0x0000000086000000| Untracked 
|  57|0x0000000086100000, 0x0000000086100000, 0x0000000086200000|  0%| F|  |TAMS 0x0000000086100000, 0x0000000086100000| Untracked 
|  58|0x0000000086200000, 0x0000000086200000, 0x0000000086300000|  0%| F|  |TAMS 0x0000000086200000, 0x0000000086200000| Untracked 
|  59|0x0000000086300000, 0x0000000086300000, 0x0000000086400000|  0%| F|  |TAMS 0x0000000086300000, 0x0000000086300000| Untracked 
|  60|0x0000000086400000, 0x0000000086400000, 0x0000000086500000|  0%| F|  |TAMS 0x0000000086400000, 0x0000000086400000| Untracked 
|  61|0x0000000086500000, 0x0000000086500000, 0x0000000086600000|  0%| F|  |TAMS 0x0000000086500000, 0x0000000086500000| Untracked 
|  62|0x0000000086600000, 0x0000000086600000, 0x0000000086700000|  0%| F|  |TAMS 0x0000000086600000, 0x0000000086600000| Untracked 
|  63|0x0000000086700000, 0x0000000086700000, 0x0000000086800000|  0%| F|  |TAMS 0x0000000086700000, 0x0000000086700000| Untracked 
|  64|0x0000000086800000, 0x0000000086800000, 0x0000000086900000|  0%| F|  |TAMS 0x0000000086800000, 0x0000000086800000| Untracked 
|  65|0x0000000086900000, 0x0000000086900000, 0x0000000086a00000|  0%| F|  |TAMS 0x0000000086900000, 0x0000000086900000| Untracked 
|  66|0x0000000086a00000, 0x0000000086a00000, 0x0000000086b00000|  0%| F|  |TAMS 0x0000000086a00000, 0x0000000086a00000| Untracked 
|  67|0x0000000086b00000, 0x0000000086b00000, 0x0000000086c00000|  0%| F|  |TAMS 0x0000000086b00000, 0x0000000086b00000| Untracked 
|  68|0x0000000086c00000, 0x0000000086c00000, 0x0000000086d00000|  0%| F|  |TAMS 0x0000000086c00000, 0x0000000086c00000| Untracked 
|  69|0x0000000086d00000, 0x0000000086d00000, 0x0000000086e00000|  0%| F|  |TAMS 0x0000000086d00000, 0x0000000086d00000| Untracked 
|  70|0x0000000086e00000, 0x0000000086e00000, 0x0000000086f00000|  0%| F|  |TAMS 0x0000000086e00000, 0x0000000086e00000| Untracked 
|  71|0x0000000086f00000, 0x0000000086f00000, 0x0000000087000000|  0%| F|  |TAMS 0x0000000086f00000, 0x0000000086f00000| Untracked 
|  72|0x0000000087000000, 0x0000000087000000, 0x0000000087100000|  0%| F|  |TAMS 0x0000000087000000, 0x0000000087000000| Untracked 
|  73|0x0000000087100000, 0x0000000087100000, 0x0000000087200000|  0%| F|  |TAMS 0x0000000087100000, 0x0000000087100000| Untracked 
|  74|0x0000000087200000, 0x0000000087200000, 0x0000000087300000|  0%| F|  |TAMS 0x0000000087200000, 0x0000000087200000| Untracked 
|  75|0x0000000087300000, 0x0000000087300000, 0x0000000087400000|  0%| F|  |TAMS 0x0000000087300000, 0x0000000087300000| Untracked 
|  76|0x0000000087400000, 0x0000000087400000, 0x0000000087500000|  0%| F|  |TAMS 0x0000000087400000, 0x0000000087400000| Untracked 
|  77|0x0000000087500000, 0x0000000087500000, 0x0000000087600000|  0%| F|  |TAMS 0x0000000087500000, 0x0000000087500000| Untracked 
|  78|0x0000000087600000, 0x0000000087600000, 0x0000000087700000|  0%| F|  |TAMS 0x0000000087600000, 0x0000000087600000| Untracked 
|  79|0x0000000087700000, 0x0000000087700000, 0x0000000087800000|  0%| F|  |TAMS 0x0000000087700000, 0x0000000087700000| Untracked 
|  80|0x0000000087800000, 0x0000000087800000, 0x0000000087900000|  0%| F|  |TAMS 0x0000000087800000, 0x0000000087800000| Untracked 
|  81|0x0000000087900000, 0x0000000087900000, 0x0000000087a00000|  0%| F|  |TAMS 0x0000000087900000, 0x0000000087900000| Untracked 
|  82|0x0000000087a00000, 0x0000000087a00000, 0x0000000087b00000|  0%| F|  |TAMS 0x0000000087a00000, 0x0000000087a00000| Untracked 
|  83|0x0000000087b00000, 0x0000000087b00000, 0x0000000087c00000|  0%| F|  |TAMS 0x0000000087b00000, 0x0000000087b00000| Untracked 
|  84|0x0000000087c00000, 0x0000000087c00000, 0x0000000087d00000|  0%| F|  |TAMS 0x0000000087c00000, 0x0000000087c00000| Untracked 
|  85|0x0000000087d00000, 0x0000000087d00000, 0x0000000087e00000|  0%| F|  |TAMS 0x0000000087d00000, 0x0000000087d00000| Untracked 
|  86|0x0000000087e00000, 0x0000000087e00000, 0x0000000087f00000|  0%| F|  |TAMS 0x0000000087e00000, 0x0000000087e00000| Untracked 
|  87|0x0000000087f00000, 0x0000000087f00000, 0x0000000088000000|  0%| F|  |TAMS 0x0000000087f00000, 0x0000000087f00000| Untracked 
|  88|0x0000000088000000, 0x0000000088000000, 0x0000000088100000|  0%| F|  |TAMS 0x0000000088000000, 0x0000000088000000| Untracked 
|  89|0x0000000088100000, 0x0000000088100000, 0x0000000088200000|  0%| F|  |TAMS 0x0000000088100000, 0x0000000088100000| Untracked 
|  90|0x0000000088200000, 0x0000000088200000, 0x0000000088300000|  0%| F|  |TAMS 0x0000000088200000, 0x0000000088200000| Untracked 
|  91|0x0000000088300000, 0x0000000088300000, 0x0000000088400000|  0%| F|  |TAMS 0x0000000088300000, 0x0000000088300000| Untracked 
|  92|0x0000000088400000, 0x0000000088400000, 0x0000000088500000|  0%| F|  |TAMS 0x0000000088400000, 0x0000000088400000| Untracked 
|  93|0x0000000088500000, 0x0000000088500000, 0x0000000088600000|  0%| F|  |TAMS 0x0000000088500000, 0x0000000088500000| Untracked 
|  94|0x0000000088600000, 0x0000000088600000, 0x0000000088700000|  0%| F|  |TAMS 0x0000000088600000, 0x0000000088600000| Untracked 
|  95|0x0000000088700000, 0x0000000088700000, 0x0000000088800000|  0%| F|  |TAMS 0x0000000088700000, 0x0000000088700000| Untracked 
|  96|0x0000000088800000, 0x0000000088800000, 0x0000000088900000|  0%| F|  |TAMS 0x0000000088800000, 0x0000000088800000| Untracked 
|  97|0x0000000088900000, 0x0000000088900000, 0x0000000088a00000|  0%| F|  |TAMS 0x0000000088900000, 0x0000000088900000| Untracked 
|  98|0x0000000088a00000, 0x0000000088a00000, 0x0000000088b00000|  0%| F|  |TAMS 0x0000000088a00000, 0x0000000088a00000| Untracked 
|  99|0x0000000088b00000, 0x0000000088c00000, 0x0000000088c00000|100%| S|CS|TAMS 0x0000000088b00000, 0x0000000088b00000| Complete 
| 100|0x0000000088c00000, 0x0000000088d00000, 0x0000000088d00000|100%| S|CS|TAMS 0x0000000088c00000, 0x0000000088c00000| Complete 
| 101|0x0000000088d00000, 0x0000000088e00000, 0x0000000088e00000|100%| S|CS|TAMS 0x0000000088d00000, 0x0000000088d00000| Complete 
| 102|0x0000000088e00000, 0x0000000088e00000, 0x0000000088f00000|  0%| F|  |TAMS 0x0000000088e00000, 0x0000000088e00000| Untracked 
| 103|0x0000000088f00000, 0x0000000088f00000, 0x0000000089000000|  0%| F|  |TAMS 0x0000000088f00000, 0x0000000088f00000| Untracked 
| 104|0x0000000089000000, 0x0000000089000000, 0x0000000089100000|  0%| F|  |TAMS 0x0000000089000000, 0x0000000089000000| Untracked 
| 105|0x0000000089100000, 0x0000000089100000, 0x0000000089200000|  0%| F|  |TAMS 0x0000000089100000, 0x0000000089100000| Untracked 
| 106|0x0000000089200000, 0x0000000089200000, 0x0000000089300000|  0%| F|  |TAMS 0x0000000089200000, 0x0000000089200000| Untracked 
| 107|0x0000000089300000, 0x0000000089400000, 0x0000000089400000|100%| E|  |TAMS 0x0000000089300000, 0x0000000089300000| Complete 
| 108|0x0000000089400000, 0x0000000089500000, 0x0000000089500000|100%| E|CS|TAMS 0x0000000089400000, 0x0000000089400000| Complete 
| 109|0x0000000089500000, 0x0000000089600000, 0x0000000089600000|100%| E|CS|TAMS 0x0000000089500000, 0x0000000089500000| Complete 
| 110|0x0000000089600000, 0x0000000089700000, 0x0000000089700000|100%| E|CS|TAMS 0x0000000089600000, 0x0000000089600000| Complete 
| 111|0x0000000089700000, 0x0000000089800000, 0x0000000089800000|100%| E|CS|TAMS 0x0000000089700000, 0x0000000089700000| Complete 
| 112|0x0000000089800000, 0x0000000089900000, 0x0000000089900000|100%| E|CS|TAMS 0x0000000089800000, 0x0000000089800000| Complete 
| 113|0x0000000089900000, 0x0000000089a00000, 0x0000000089a00000|100%| E|CS|TAMS 0x0000000089900000, 0x0000000089900000| Complete 
| 114|0x0000000089a00000, 0x0000000089b00000, 0x0000000089b00000|100%| E|CS|TAMS 0x0000000089a00000, 0x0000000089a00000| Complete 
| 115|0x0000000089b00000, 0x0000000089c00000, 0x0000000089c00000|100%| E|CS|TAMS 0x0000000089b00000, 0x0000000089b00000| Complete 
| 116|0x0000000089c00000, 0x0000000089d00000, 0x0000000089d00000|100%| E|CS|TAMS 0x0000000089c00000, 0x0000000089c00000| Complete 
| 117|0x0000000089d00000, 0x0000000089e00000, 0x0000000089e00000|100%| E|CS|TAMS 0x0000000089d00000, 0x0000000089d00000| Complete 
| 118|0x0000000089e00000, 0x0000000089f00000, 0x0000000089f00000|100%| E|CS|TAMS 0x0000000089e00000, 0x0000000089e00000| Complete 
| 119|0x0000000089f00000, 0x000000008a000000, 0x000000008a000000|100%| E|CS|TAMS 0x0000000089f00000, 0x0000000089f00000| Complete 
| 120|0x000000008a000000, 0x000000008a100000, 0x000000008a100000|100%| E|CS|TAMS 0x000000008a000000, 0x000000008a000000| Complete 
| 121|0x000000008a100000, 0x000000008a200000, 0x000000008a200000|100%| E|CS|TAMS 0x000000008a100000, 0x000000008a100000| Complete 
| 122|0x000000008a200000, 0x000000008a300000, 0x000000008a300000|100%| E|CS|TAMS 0x000000008a200000, 0x000000008a200000| Complete 
| 123|0x000000008a300000, 0x000000008a400000, 0x000000008a400000|100%| E|CS|TAMS 0x000000008a300000, 0x000000008a300000| Complete 
| 124|0x000000008a400000, 0x000000008a500000, 0x000000008a500000|100%| E|CS|TAMS 0x000000008a400000, 0x000000008a400000| Complete 
| 125|0x000000008a500000, 0x000000008a600000, 0x000000008a600000|100%| E|CS|TAMS 0x000000008a500000, 0x000000008a500000| Complete 

Card table byte_map: [0x000001f97bb70000,0x000001f97bf60000] _byte_map_base: 0x000001f97b75c000

Marking Bits (Prev, Next): (CMBitMap*) 0x000001f973128208, (CMBitMap*) 0x000001f973128240
 Prev Bits: [0x000001f97c350000, 0x000001f97e2b0000)
 Next Bits: [0x000001f90f000000, 0x000001f910f60000)

Polling page: 0x000001f971060000

Metaspace:

Usage:
  Non-class:     12.43 MB capacity,    12.30 MB ( 99%) used,   121.68 KB ( <1%) free+waste,    11.81 KB ( <1%) overhead. 
      Class:      1.17 MB capacity,     1.12 MB ( 96%) used,    43.85 KB (  4%) free+waste,     3.81 KB ( <1%) overhead. 
       Both:     13.60 MB capacity,    13.42 MB ( 99%) used,   165.53 KB (  1%) free+waste,    15.63 KB ( <1%) overhead. 

Virtual space:
  Non-class space:       14.00 MB reserved,      12.50 MB ( 89%) committed 
      Class space:        1.00 GB reserved,       1.25 MB ( <1%) committed 
             Both:        1.01 GB reserved,      13.75 MB (  1%) committed 

Chunk freelists:
   Non-Class:  8.63 KB
       Class:  2.50 KB
        Both:  11.13 KB

CodeHeap 'non-profiled nmethods': size=120000Kb used=891Kb max_used=891Kb free=119109Kb
 bounds [0x000001f907ad0000, 0x000001f907d40000, 0x000001f90f000000]
CodeHeap 'profiled nmethods': size=120000Kb used=3637Kb max_used=3637Kb free=116362Kb
 bounds [0x000001f9005a0000, 0x000001f900930000, 0x000001f907ad0000]
CodeHeap 'non-nmethods': size=5760Kb used=1201Kb max_used=1222Kb free=4558Kb
 bounds [0x000001f900000000, 0x000001f900270000, 0x000001f9005a0000]
 total_blobs=2646 nmethods=1599 adapters=487
 compilation: enabled
              stopped_count=0, restarted_count=0
 full_count=0

Compilation events (10 events):
Event: 6.683 Thread 0x000001f97ed4b000 1600       1       com.badlogic.gdx.scenes.scene2d.utils.BaseDrawable::setRightWidth (6 bytes)
Event: 6.683 Thread 0x000001f97ed4b000 nmethod 1600 0x000001f907babb90 code [0x000001f907babd40, 0x000001f907babe58]
Event: 6.683 Thread 0x000001f97ed4b000 1601       1       com.badlogic.gdx.scenes.scene2d.utils.BaseDrawable::setBottomHeight (6 bytes)
Event: 6.683 Thread 0x000001f97ed4b000 nmethod 1601 0x000001f907babf10 code [0x000001f907bac0c0, 0x000001f907bac1d8]
Event: 6.683 Thread 0x000001f97ed4b000 1602       1       com.badlogic.gdx.scenes.scene2d.utils.BaseDrawable::setLeftWidth (6 bytes)
Event: 6.683 Thread 0x000001f97ed4b000 nmethod 1602 0x000001f907bac290 code [0x000001f907bac440, 0x000001f907bac558]
Event: 6.683 Thread 0x000001f97ed4b000 1603       1       com.badlogic.gdx.graphics.g2d.BitmapFontCache::getFont (5 bytes)
Event: 6.683 Thread 0x000001f97ed4b000 nmethod 1603 0x000001f907bac610 code [0x000001f907bac7c0, 0x000001f907bac8d8]
Event: 6.687 Thread 0x000001f97ed46800 nmethod 1582 0x000001f907bac990 code [0x000001f907bacc60, 0x000001f907badd70]
Event: 6.687 Thread 0x000001f97ed46800 1583       4       java.lang.Object::equals (11 bytes)

GC Heap History (2 events):
Event: 1.971 GC heap before
{Heap before GC invocations=0 (full 0):
 garbage-first heap   total 129024K, used 23552K [0x0000000082800000, 0x0000000100000000)
  region size 1024K, 24 young (24576K), 0 survivors (0K)
 Metaspace       used 12114K, capacity 12236K, committed 12416K, reserved 1060864K
  class space    used 1014K, capacity 1061K, committed 1152K, reserved 1048576K
}
Event: 1.974 GC heap after
{Heap after GC invocations=1 (full 0):
 garbage-first heap   total 129024K, used 3840K [0x0000000082800000, 0x0000000100000000)
  region size 1024K, 3 young (3072K), 3 survivors (3072K)
 Metaspace       used 12114K, capacity 12236K, committed 12416K, reserved 1060864K
  class space    used 1014K, capacity 1061K, committed 1152K, reserved 1048576K
}

Deoptimization events (10 events):
Event: 3.518 Thread 0x000001f913228000 Uncommon trap: reason=unstable_if action=reinterpret pc=0x000001f907b5a87c method=javazoom.jl.decoder.LayerIIIDecoder.hybrid(II)V @ 32 c2
Event: 3.930 Thread 0x000001f913228000 Uncommon trap: reason=unstable_if action=reinterpret pc=0x000001f907b7bf98 method=javazoom.jl.decoder.OutputBuffer.clip(F)S @ 17 c2
Event: 3.930 Thread 0x000001f913228000 Uncommon trap: reason=unstable_if action=reinterpret pc=0x000001f907b55770 method=javazoom.jl.decoder.OutputBuffer.clip(F)S @ 17 c2
Event: 5.818 Thread 0x000001f913228000 Uncommon trap: reason=unstable_if action=reinterpret pc=0x000001f907b8cde8 method=javazoom.jl.decoder.OutputBuffer.clip(F)S @ 4 c2
Event: 5.819 Thread 0x000001f913228000 Uncommon trap: reason=unstable_if action=reinterpret pc=0x000001f907b52f88 method=javazoom.jl.decoder.OutputBuffer.clip(F)S @ 4 c2
Event: 5.819 Thread 0x000001f913228000 Uncommon trap: reason=unstable_if action=reinterpret pc=0x000001f907b639ac method=javazoom.jl.decoder.OutputBuffer.clip(F)S @ 4 c2
Event: 5.820 Thread 0x000001f913228000 Uncommon trap: reason=unstable_if action=reinterpret pc=0x000001f907b85ca0 method=javazoom.jl.decoder.OutputBuffer.clip(F)S @ 4 c2
Event: 6.614 Thread 0x000001f913228000 Uncommon trap: reason=array_check action=maybe_recompile pc=0x000001f907b49ba8 method=com.badlogic.gdx.utils.Array.add(Ljava/lang/Object;)V @ 46 c2
Event: 6.617 Thread 0x000001f913228000 Uncommon trap: reason=array_check action=maybe_recompile pc=0x000001f907b49ba8 method=com.badlogic.gdx.utils.Array.add(Ljava/lang/Object;)V @ 46 c2
Event: 6.617 Thread 0x000001f913228000 Uncommon trap: reason=array_check action=maybe_recompile pc=0x000001f907b49ba8 method=com.badlogic.gdx.utils.Array.add(Ljava/lang/Object;)V @ 46 c2

Classes redefined (0 events):
No events

Internal exceptions (9 events):
Event: 0.186 Thread 0x000001f9730ec000 Exception <a 'java/lang/NoSuchMethodError'{0x000000008a275160}: java.lang.invoke.DirectMethodHandle$Holder.invokeStaticInit(Ljava/lang/Object;IIII)Ljava/lang/Object;> (0x000000008a275160) thrown at [t:/workspace/open/src/hotspot/share/interpreter/linkReso
Event: 0.324 Thread 0x000001f9730ec000 Exception <a 'java/lang/NoSuchMethodError'{0x000000008a2c4f88}: java.lang.invoke.DirectMethodHandle$Holder.invokeStaticInit(Ljava/lang/Object;Ljava/lang/Object;IIII)Ljava/lang/Object;> (0x000000008a2c4f88) thrown at [t:/workspace/open/src/hotspot/share/in
Event: 0.351 Thread 0x000001f9730ec000 Exception <a 'java/security/PrivilegedActionException'{0x000000008a15ae48}> (0x000000008a15ae48) thrown at [t:/workspace/open/src/hotspot/share/prims/jvm.cpp, line 1296]
Event: 0.351 Thread 0x000001f9730ec000 Exception <a 'java/security/PrivilegedActionException'{0x000000008a15d628}> (0x000000008a15d628) thrown at [t:/workspace/open/src/hotspot/share/prims/jvm.cpp, line 1296]
Event: 0.351 Thread 0x000001f9730ec000 Exception <a 'java/security/PrivilegedActionException'{0x000000008a15e5e0}> (0x000000008a15e5e0) thrown at [t:/workspace/open/src/hotspot/share/prims/jvm.cpp, line 1296]
Event: 0.354 Thread 0x000001f9730ec000 Exception <a 'java/security/PrivilegedActionException'{0x000000008a16f828}> (0x000000008a16f828) thrown at [t:/workspace/open/src/hotspot/share/prims/jvm.cpp, line 1296]
Event: 0.354 Thread 0x000001f9730ec000 Exception <a 'java/security/PrivilegedActionException'{0x000000008a1703e8}> (0x000000008a1703e8) thrown at [t:/workspace/open/src/hotspot/share/prims/jvm.cpp, line 1296]
Event: 0.354 Thread 0x000001f9730ec000 Exception <a 'java/security/PrivilegedActionException'{0x000000008a170f68}> (0x000000008a170f68) thrown at [t:/workspace/open/src/hotspot/share/prims/jvm.cpp, line 1296]
Event: 1.575 Thread 0x000001f913228000 Exception <a 'java/lang/NoSuchMethodError'{0x0000000089726d38}: java.lang.invoke.DirectMethodHandle$Holder.invokeSpecialIFC(Ljava/lang/Object;Ljava/lang/Object;I)I> (0x0000000089726d38) thrown at [t:/workspace/open/src/hotspot/share/interpreter/linkResolv

Events (10 events):
Event: 6.635 loading class jdk/internal/reflect/MethodAccessorGenerator$1
Event: 6.635 loading class jdk/internal/reflect/MethodAccessorGenerator$1 done
Event: 6.635 loading class jdk/internal/reflect/ClassDefiner
Event: 6.635 loading class jdk/internal/reflect/ClassDefiner done
Event: 6.635 loading class jdk/internal/reflect/ClassDefiner$1
Event: 6.635 loading class jdk/internal/reflect/ClassDefiner$1 done
Event: 6.635 loading class jdk/internal/reflect/BootstrapConstructorAccessorImpl
Event: 6.635 loading class jdk/internal/reflect/BootstrapConstructorAccessorImpl done
Event: 6.673 Thread 0x000001f913228000 DEOPT PACKING pc=0x000001f900809f17 sp=0x0000009e1f6fe1a0
Event: 6.673 Thread 0x000001f913228000 DEOPT UNPACKING pc=0x000001f900028d4e sp=0x0000009e1f6fd740 mode 0


Dynamic libraries:
0x00007ff6a62a0000 - 0x00007ff6a62e7000 	C:\Users\kelto\Desktop\jdk-11.0.5\bin\java.exe
0x00007ffb84c80000 - 0x00007ffb84e70000 	C:\WINDOWS\SYSTEM32\ntdll.dll
0x00007ffb83910000 - 0x00007ffb839c2000 	C:\WINDOWS\System32\KERNEL32.DLL
0x00007ffb81c10000 - 0x00007ffb81eb3000 	C:\WINDOWS\System32\KERNELBASE.dll
0x00007ffb83260000 - 0x00007ffb83303000 	C:\WINDOWS\System32\ADVAPI32.dll
0x00007ffb83f40000 - 0x00007ffb83fde000 	C:\WINDOWS\System32\msvcrt.dll
0x00007ffb830a0000 - 0x00007ffb83137000 	C:\WINDOWS\System32\sechost.dll
0x00007ffb83140000 - 0x00007ffb83260000 	C:\WINDOWS\System32\RPCRT4.dll
0x00007ffb83310000 - 0x00007ffb834a4000 	C:\WINDOWS\System32\USER32.dll
0x00007ffb826c0000 - 0x00007ffb826e1000 	C:\WINDOWS\System32\win32u.dll
0x00007ffb83f10000 - 0x00007ffb83f36000 	C:\WINDOWS\System32\GDI32.dll
0x00007ffb82940000 - 0x00007ffb82ad4000 	C:\WINDOWS\System32\gdi32full.dll
0x00007ffb82750000 - 0x00007ffb827ee000 	C:\WINDOWS\System32\msvcp_win.dll
0x00007ffb82ae0000 - 0x00007ffb82bda000 	C:\WINDOWS\System32\ucrtbase.dll
0x00007ffb6bdd0000 - 0x00007ffb6c055000 	C:\WINDOWS\WinSxS\amd64_microsoft.windows.common-controls_6595b64144ccf1df_6.0.18362.535_none_e6c3b34713100821\COMCTL32.dll
0x00007ffb70580000 - 0x00007ffb7058a000 	C:\WINDOWS\SYSTEM32\VERSION.dll
0x00007ffb83af0000 - 0x00007ffb83e26000 	C:\WINDOWS\System32\combase.dll
0x00007ffb82640000 - 0x00007ffb826c0000 	C:\WINDOWS\System32\bcryptPrimitives.dll
0x00007ffb83fe0000 - 0x00007ffb8400e000 	C:\WINDOWS\System32\IMM32.DLL
0x00007ffb71450000 - 0x00007ffb71466000 	C:\Users\kelto\Desktop\jdk-11.0.5\bin\vcruntime140.dll
0x00007ffb2e6f0000 - 0x00007ffb2e79a000 	C:\Users\kelto\Desktop\jdk-11.0.5\bin\msvcp140.dll
0x00007ffb07ac0000 - 0x00007ffb085e8000 	C:\Users\kelto\Desktop\jdk-11.0.5\bin\server\jvm.dll
0x00007ffb83a60000 - 0x00007ffb83a68000 	C:\WINDOWS\System32\PSAPI.DLL
0x00007ffb7f500000 - 0x00007ffb7f524000 	C:\WINDOWS\SYSTEM32\WINMM.dll
0x00007ffb6c7e0000 - 0x00007ffb6c7e9000 	C:\WINDOWS\SYSTEM32\WSOCK32.dll
0x00007ffb83880000 - 0x00007ffb838ef000 	C:\WINDOWS\System32\WS2_32.dll
0x00007ffb7f170000 - 0x00007ffb7f19d000 	C:\WINDOWS\SYSTEM32\WINMMBASE.dll
0x00007ffb82be0000 - 0x00007ffb82c2a000 	C:\WINDOWS\System32\cfgmgr32.dll
0x00007ffb81b60000 - 0x00007ffb81b71000 	C:\WINDOWS\System32\kernel.appcore.dll
0x00007ffb71060000 - 0x00007ffb71071000 	C:\Users\kelto\Desktop\jdk-11.0.5\bin\verify.dll
0x00007ffb80460000 - 0x00007ffb80654000 	C:\WINDOWS\SYSTEM32\DBGHELP.DLL
0x00007ffb659a0000 - 0x00007ffb659ca000 	C:\WINDOWS\SYSTEM32\dbgcore.DLL
0x00007ffb41da0000 - 0x00007ffb41dc9000 	C:\Users\kelto\Desktop\jdk-11.0.5\bin\java.dll
0x00007ffb413e0000 - 0x00007ffb413f6000 	C:\Users\kelto\Desktop\jdk-11.0.5\bin\zip.dll
0x00007ffb71a90000 - 0x00007ffb71a9a000 	C:\Users\kelto\Desktop\jdk-11.0.5\bin\jimage.dll
0x00007ffb84550000 - 0x00007ffb84c35000 	C:\WINDOWS\System32\SHELL32.dll
0x00007ffb82ff0000 - 0x00007ffb83099000 	C:\WINDOWS\System32\shcore.dll
0x00007ffb81ec0000 - 0x00007ffb8263f000 	C:\WINDOWS\System32\windows.storage.dll
0x00007ffb81bf0000 - 0x00007ffb81c0f000 	C:\WINDOWS\System32\profapi.dll
0x00007ffb81ba0000 - 0x00007ffb81bea000 	C:\WINDOWS\System32\powrprof.dll
0x00007ffb81b50000 - 0x00007ffb81b60000 	C:\WINDOWS\System32\UMPDC.dll
0x00007ffb834b0000 - 0x00007ffb83502000 	C:\WINDOWS\System32\shlwapi.dll
0x00007ffb82c60000 - 0x00007ffb82c77000 	C:\WINDOWS\System32\cryptsp.dll
0x00007ffb41310000 - 0x00007ffb41329000 	C:\Users\kelto\Desktop\jdk-11.0.5\bin\net.dll
0x00007ffb74360000 - 0x00007ffb74450000 	C:\WINDOWS\SYSTEM32\WINHTTP.dll
0x00007ffb813c0000 - 0x00007ffb81427000 	C:\WINDOWS\system32\mswsock.dll
0x00007ffb412f0000 - 0x00007ffb41303000 	C:\Users\kelto\Desktop\jdk-11.0.5\bin\nio.dll
0x0000000065ac0000 - 0x0000000065b0b000 	C:\Users\kelto\AppData\Local\Temp\libgdxKelton\7d76f548\gdx64.dll
0x00007ffb80f30000 - 0x00007ffb80f63000 	C:\WINDOWS\system32\rsaenh.dll
0x00007ffb82c30000 - 0x00007ffb82c56000 	C:\WINDOWS\System32\bcrypt.dll
0x00007ffb81a70000 - 0x00007ffb81a95000 	C:\WINDOWS\SYSTEM32\USERENV.dll
0x00007ffb81590000 - 0x00007ffb8159c000 	C:\WINDOWS\SYSTEM32\CRYPTBASE.dll
0x00007ffb810d0000 - 0x00007ffb8110a000 	C:\WINDOWS\SYSTEM32\IPHLPAPI.DLL
0x00007ffb83f00000 - 0x00007ffb83f08000 	C:\WINDOWS\System32\NSI.dll
0x00007ffb74680000 - 0x00007ffb74696000 	C:\WINDOWS\SYSTEM32\dhcpcsvc6.DLL
0x00007ffb76580000 - 0x00007ffb7659c000 	C:\WINDOWS\SYSTEM32\dhcpcsvc.DLL
0x00007ffb81110000 - 0x00007ffb811da000 	C:\WINDOWS\SYSTEM32\DNSAPI.dll
0x0000000180000000 - 0x0000000180053000 	C:\Users\kelto\AppData\Local\Temp\libgdxKelton\1cecf4f6\lwjgl64.dll
0x00007ffb6add0000 - 0x00007ffb6af26000 	C:\WINDOWS\SYSTEM32\OPENGL32.dll
0x00007ffb6aa90000 - 0x00007ffb6aabc000 	C:\WINDOWS\SYSTEM32\GLU32.dll
0x00007ffb80830000 - 0x00007ffb80850000 	C:\WINDOWS\SYSTEM32\dxcore.dll
0x000001f97fe90000 - 0x000001f97fef4000 	C:\Users\kelto\AppData\Local\Temp\libgdxKelton\1cecf4f6\OpenAL64.dll
0x00007ffb83510000 - 0x00007ffb83666000 	C:\WINDOWS\System32\ole32.dll
0x00007ffb7f430000 - 0x00007ffb7f4c9000 	C:\WINDOWS\system32\uxtheme.dll
0x00007ffb82d30000 - 0x00007ffb82dd2000 	C:\WINDOWS\System32\clbcatq.dll
0x00007ffb3ecb0000 - 0x00007ffb3ed49000 	C:\WINDOWS\SYSTEM32\dsound.dll
0x00007ffb7ae80000 - 0x00007ffb7aef2000 	C:\WINDOWS\System32\MMDevApi.dll
0x00007ffb81950000 - 0x00007ffb8197a000 	C:\WINDOWS\System32\DEVOBJ.dll
0x00007ffb7b3d0000 - 0x00007ffb7b52d000 	C:\WINDOWS\SYSTEM32\AUDIOSES.DLL
0x00007ffb82f20000 - 0x00007ffb82fe4000 	C:\WINDOWS\System32\OLEAUT32.dll
0x00007ffb7d1e0000 - 0x00007ffb7d333000 	C:\WINDOWS\SYSTEM32\wintypes.dll
0x00007ffb7fe50000 - 0x00007ffb7fe64000 	C:\WINDOWS\SYSTEM32\resourcepolicyclient.dll
0x00007ffb7c750000 - 0x00007ffb7c7fe000 	C:\WINDOWS\SYSTEM32\mscms.dll
0x00007ffb7c730000 - 0x00007ffb7c747000 	C:\WINDOWS\SYSTEM32\ColorAdapterClient.dll
0x00007ffb78760000 - 0x00007ffb7877a000 	C:\Windows\System32\Windows.Internal.Graphics.Display.DisplayColorManagement.dll
0x00007ffb82de0000 - 0x00007ffb82f15000 	C:\WINDOWS\System32\MSCTF.dll
0x00007ffb765a0000 - 0x00007ffb7663e000 	C:\WINDOWS\System32\TextInputFramework.dll
0x00007ffb7afa0000 - 0x00007ffb7b2ca000 	C:\WINDOWS\System32\CoreUIComponents.dll
0x00007ffb7eb90000 - 0x00007ffb7ec64000 	C:\WINDOWS\System32\CoreMessaging.dll
0x00007ffb80bb0000 - 0x00007ffb80be1000 	C:\WINDOWS\SYSTEM32\ntmarta.dll
0x00007ffb72ed0000 - 0x00007ffb73176000 	C:\WINDOWS\System32\iertutil.dll
0x00007ffb6d360000 - 0x00007ffb6d3c5000 	C:\WINDOWS\system32\Oleacc.dll
0x00007ffaed0f0000 - 0x00007ffaedfaf000 	C:\WINDOWS\System32\DriverStore\FileRepository\igdlh64.inf_amd64_842874489af34daa\ig9icd64.dll
0x00007ffb7ff40000 - 0x00007ffb7ff6d000 	C:\WINDOWS\SYSTEM32\dwmapi.dll
0x00007ffb80850000 - 0x00007ffb8093b000 	C:\WINDOWS\SYSTEM32\dxgi.dll
0x00007ffb80660000 - 0x00007ffb80673000 	C:\WINDOWS\SYSTEM32\WTSAPI32.dll
0x00007ffb5fab0000 - 0x00007ffb5faf3000 	C:\WINDOWS\SYSTEM32\icm32.dll
0x00007ffb74720000 - 0x00007ffb764b5000 	C:\WINDOWS\System32\DriverStore\FileRepository\igdlh64.inf_amd64_842874489af34daa\igc64.dll
0x000000006e9c0000 - 0x000000006ea1b000 	C:\Users\kelto\AppData\Local\Temp\libgdxKelton\b8f13a6a\gdx-box2d64.dll

dbghelp: loaded successfully - version: 4.0.5 - missing functions: none
symbol engine: initialized successfully - sym options: 0x614 - pdb path: .;C:\Users\kelto\Desktop\jdk-11.0.5\bin;C:\WINDOWS\SYSTEM32;C:\WINDOWS\WinSxS\amd64_microsoft.windows.common-controls_6595b64144ccf1df_6.0.18362.535_none_e6c3b34713100821;C:\Users\kelto\Desktop\jdk-11.0.5\bin\server;C:\Users\kelto\AppData\Local\Temp\libgdxKelton\7d76f548;C:\Users\kelto\AppData\Local\Temp\libgdxKelton\1cecf4f6;C:\WINDOWS\System32\DriverStore\FileRepository\igdlh64.inf_amd64_842874489af34daa;C:\Users\kelto\AppData\Local\Temp\libgdxKelton\b8f13a6a

VM Arguments:
jvm_args: -Dfile.encoding=windows-1252 -Duser.country=US -Duser.language=en -Duser.variant 
java_command: com.kelton.maze2.DesktopLauncher
java_class_path (initial): C:\Users\kelto\Desktop\maze2.0 test53\desktop\build\classes\java\main;C:\Users\kelto\Desktop\maze2.0 test53\desktop\build\resources\main;C:\Users\kelto\.gradle\caches\modules-2\files-2.1\com.badlogicgames.gdx\gdx-tools\1.9.10\67524f012868e0cff57531b5bfda2781d00c6b1f\gdx-tools-1.9.10.jar;C:\Users\kelto\.gradle\caches\modules-2\files-2.1\com.badlogicgames.gdx\gdx-backend-lwjgl\1.9.10\8f88abd43500d94c486d25f04d642318da72773a\gdx-backend-lwjgl-1.9.10.jar;C:\Users\kelto\.gradle\caches\modules-2\files-2.1\com.badlogicgames.gdx\gdx-platform\1.9.10\1907b49f8363dd1ee37d273854a9cc3c741a6e66\gdx-platform-1.9.10-natives-desktop.jar;C:\Users\kelto\.gradle\caches\modules-2\files-2.1\com.badlogicgames.gdx\gdx-box2d-platform\1.9.10\91b19c283b24eec646a18e0e7b940c829920df4f\gdx-box2d-platform-1.9.10-natives-desktop.jar;C:\Users\kelto\.gradle\caches\modules-2\files-2.1\com.badlogicgames.gdx\gdx-controllers-desktop\1.9.10\a718403da411eb0bf9773c548c8414e78a91f57c\gdx-controllers-desktop-1.9.10.jar;C:\Users\kelto\.gradle\caches\modules-2\files-2.1\com.badlogicgames.gdx\gdx-controllers-platform\1.9.10\704ce30819e2f32b540462d029a0496ebbf2f9fd\gdx-controllers-platform-1.9.10-natives-desktop.jar;C:\Users\kelto\.gradle\caches\modules-2\files-2.1\com.badlogicgames.gdx\gdx-freetype-platform\1.9.10\5c4b67db9c1d62383b718ce040c7cdb555d5b19f\gdx-freetype-platform-1.9.10-natives-desktop.jar;C:\Users\kelto\.gradle\caches\modules-2\files-2.1\com.badlogicgames.gdx\gdx-bullet-platform\1.9.10\ad7c3c0fff16dacf0ff137407060f8b5841bbe8f\gdx-bullet-platform-1.9.10-natives-desktop.jar;C:\Users\kelto\Desktop\maze2.0 test53\core\build\libs\core-1.0.jar;C:\Users\kelto\.gradle\caches\modules-2\files-2.1\com.badlogicgames.gdx\gdx-controllers\1.9.10\b63b3ad62050405148be30ffd2e1946c13123cec\gdx-controllers-1.9.10.jar;C:\Users\kelto\.gradle\caches\modules-2\files-2.1\com.badlogicgames.gdx\gdx-backend-headless\1.9.10\d357526e6bb3d36b01b4f833ab42588e5285d487\gdx-backend-headless-1.9.10.jar;C
Launcher Type: SUN_STANDARD

[Global flags]
     intx CICompilerCount                          = 4                                         {product} {ergonomic}
     uint ConcGCThreads                            = 2                                         {product} {ergonomic}
     uint G1ConcRefinementThreads                  = 8                                         {product} {ergonomic}
   size_t G1HeapRegionSize                         = 1048576                                   {product} {ergonomic}
    uintx GCDrainStackTargetSize                   = 64                                        {product} {ergonomic}
   size_t InitialHeapSize                          = 132120576                                 {product} {ergonomic}
   size_t MarkStackSize                            = 4194304                                   {product} {ergonomic}
   size_t MaxHeapSize                              = 2105540608                                {product} {ergonomic}
   size_t MaxNewSize                               = 1262485504                                {product} {ergonomic}
   size_t MinHeapDeltaBytes                        = 1048576                                   {product} {ergonomic}
    uintx NonNMethodCodeHeapSize                   = 5836300                                {pd product} {ergonomic}
    uintx NonProfiledCodeHeapSize                  = 122910970                              {pd product} {ergonomic}
    uintx ProfiledCodeHeapSize                     = 122910970                              {pd product} {ergonomic}
    uintx ReservedCodeCacheSize                    = 251658240                              {pd product} {ergonomic}
     bool SegmentedCodeCache                       = true                                      {product} {ergonomic}
     bool UseCompressedClassPointers               = true                                 {lp64_product} {ergonomic}
     bool UseCompressedOops                        = true                                 {lp64_product} {ergonomic}
     bool UseG1GC                                  = true                                      {product} {ergonomic}
     bool UseLargePagesIndividualAllocation        = false                                  {pd product} {ergonomic}

Logging:
Log output configuration:
 #0: stdout all=warning uptime,level,tags
 #1: stderr all=off uptime,level,tags

Environment Variables:
PATH=C:\Program Files (x86)\Common Files\Oracle\Java\javapath;C:\Program Files (x86)\Intel\Intel(R) Management Engine Components\iCLS\;C:\Program Files\Intel\Intel(R) Management Engine Components\iCLS\;C:\WINDOWS\system32;C:\WINDOWS;C:\WINDOWS\System32\Wbem;C:\WINDOWS\System32\WindowsPowerShell\v1.0\;C:\Program Files (x86)\Intel\Intel(R) Management Engine Components\DAL;C:\Program Files\Intel\Intel(R) Management Engine Components\DAL;C:\Program Files (x86)\Intel\Intel(R) Management Engine Components\IPT;C:\Program Files\Intel\Intel(R) Management Engine Components\IPT;C:\WINDOWS\System32\OpenSSH\;C:\Program Files\Intel\WiFi\bin\;C:\Program Files\Common Files\Intel\WirelessCommon\;C:\Users\kelto\AppData\Local\Microsoft\WindowsApps;
USERNAME=Kelton
OS=Windows_NT
PROCESSOR_IDENTIFIER=Intel64 Family 6 Model 142 Stepping 10, GenuineIntel



---------------  S Y S T E M  ---------------

OS: Windows 10 , 64 bit Build 18362 (10.0.18362.329)

CPU:total 8 (initial active 8) (4 cores per cpu, 2 threads per core) family 6 model 142 stepping 10, cmov, cx8, fxsr, mmx, sse, sse2, sse3, ssse3, sse4.1, sse4.2, popcnt, avx, avx2, aes, clmul, erms, 3dnowpref, lzcnt, ht, tsc, tscinvbit, bmi1, bmi2, adx, fma

Memory: 4k page, system-wide physical 8026M (1061M free)
TotalPageFile size 25434M (AvailPageFile size 10266M)
current process WorkingSet (physical memory assigned to process): 177M, peak: 178M
current process commit charge ("private bytes"): 293M, peak: 294M

vm_info: Java HotSpot(TM) 64-Bit Server VM (11.0.5+10-LTS) for windows-amd64 JRE (11.0.5+10-LTS), built on Oct  6 2019 12:37:14 by "mach5one" with MS VC++ 15.5 (VS2017)

END.
